<?xml version="1.0" encoding="UTF-8"?>
<!-- Generated by org.testng.reporters.JUnitReportReporter -->
<testsuite skipped="0" hostname="LAPTOP-C272DD49" name="Com.test.LoginTest" tests="1" failures="0" timestamp="27 Feb 2022 08:48:51 GMT" time="2.526" errors="0">
  <testcase name="test01" time="2.526" classname="Com.test.LoginTest"/>
</testsuite> <!-- Com.test.LoginTest -->
