<?xml version="1.0" encoding="UTF-8"?>
<!-- Generated by org.testng.reporters.JUnitReportReporter -->
<testsuite skipped="0" hostname="LAPTOP-C272DD49" name="Com.test.OperatorsTest" tests="1" failures="0" timestamp="26 Feb 2022 17:30:18 GMT" time="3.606" errors="0">
  <testcase name="test01" time="3.606" classname="Com.test.OperatorsTest"/>
</testsuite> <!-- Com.test.OperatorsTest -->
