<?xml version="1.0" encoding="UTF-8"?>
<!-- Generated by org.testng.reporters.JUnitReportReporter -->
<testsuite skipped="0" hostname="LAPTOP-C272DD49" name="Com.test.AddUserTest" tests="1" failures="0" timestamp="27 Feb 2022 10:47:30 GMT" time="7.381" errors="0">
  <testcase name="test01" time="7.381" classname="Com.test.AddUserTest"/>
</testsuite> <!-- Com.test.AddUserTest -->
