<?xml version="1.0" encoding="UTF-8"?>
<!-- Generated by org.testng.reporters.JUnitReportReporter -->
<testsuite skipped="0" hostname="LAPTOP-C272DD49" name="Com.test.DemoTest01" tests="1" failures="0" timestamp="20 Feb 2022 04:34:42 GMT" time="0.008" errors="0">
  <testcase name="test01" time="0.008" classname="Com.test.DemoTest01"/>
</testsuite> <!-- Com.test.DemoTest01 -->
