<?xml version="1.0" encoding="UTF-8"?>
<!-- Generated by org.testng.reporters.JUnitReportReporter -->
<testsuite skipped="0" hostname="LAPTOP-C272DD49" name="Com.test.DashBoardTest" tests="1" failures="0" timestamp="26 Feb 2022 07:08:28 GMT" time="3.206" errors="0">
  <testcase name="test01" time="3.206" classname="Com.test.DashBoardTest"/>
</testsuite> <!-- Com.test.DashBoardTest -->
