<?xml version="1.0" encoding="UTF-8"?>
<!-- Generated by org.testng.reporters.JUnitReportReporter -->
<testsuite skipped="0" hostname="LAPTOP-C272DD49" name="Com.test.ATest" tests="1" failures="0" timestamp="26 Feb 2022 08:20:34 GMT" time="4.094" errors="0">
  <testcase name="check" time="4.094" classname="Com.test.ATest"/>
</testsuite> <!-- Com.test.ATest -->
