<?xml version="1.0" encoding="UTF-8"?>
<!-- Generated by org.testng.reporters.JUnitReportReporter -->
<testsuite skipped="0" hostname="LAPTOP-C272DD49" name="Com.test.RegisterTest" tests="1" failures="0" timestamp="27 Feb 2022 08:49:16 GMT" time="2.919" errors="0">
  <testcase name="test01" time="2.919" classname="Com.test.RegisterTest"/>
</testsuite> <!-- Com.test.RegisterTest -->
