<?xml version="1.0" encoding="UTF-8"?>
<!-- Generated by org.testng.reporters.JUnitReportReporter -->
<testsuite skipped="0" hostname="LAPTOP-C272DD49" name="Com.test.UsersTest" tests="1" failures="0" timestamp="27 Feb 2022 10:21:18 GMT" time="6.447" errors="0">
  <testcase name="test01" time="6.447" classname="Com.test.UsersTest"/>
</testsuite> <!-- Com.test.UsersTest -->
